2025-09-22 23:42:06 [main] INFO  Log - WebDriver starting
2025-09-22 23:42:08 [main] INFO  Log - go URL
2025-09-22 23:42:14 [main] INFO  Log - LoginTest starting
2025-09-22 23:42:14 [main] INFO  Log - loginButton clicking
2025-09-23 18:38:40 [main] INFO  Log - WebDriver starting
2025-09-23 18:43:55 [main] INFO  Log - WebDriver starting
2025-09-23 18:43:57 [main] INFO  Log - go URL
2025-09-23 18:43:59 [main] INFO  Log - LoginTest starting
2025-09-23 18:43:59 [main] INFO  Log - adding info
2025-09-23 18:44:00 [main] INFO  Log - loginButton clicking
2025-09-23 18:44:03 [main] INFO  Log - verifying page title
2025-09-23 18:44:24 [main] INFO  Log - WebDriver starting
2025-09-23 18:44:26 [main] INFO  Log - go URL
2025-09-23 18:44:28 [main] INFO  Log - LoginTest starting
2025-09-23 18:44:28 [main] INFO  Log - adding info
2025-09-23 18:44:29 [main] INFO  Log - loginButton clicking
2025-09-23 18:44:32 [main] INFO  Log - verifying page title
2025-09-23 18:48:59 [main] INFO  Log - WebDriver starting
2025-09-23 18:49:01 [main] INFO  Log - go URL
2025-09-23 18:49:03 [main] INFO  Log - LoginTest starting
2025-09-23 18:49:03 [main] INFO  Log - adding info
2025-09-23 18:49:04 [main] INFO  Log - loginButton clicking
2025-09-23 18:49:07 [main] INFO  Log - verifying page title
2025-09-23 19:27:50 [main] INFO  Log - WebDriver starting
2025-09-23 19:27:52 [main] INFO  Log - go URL
2025-09-23 19:27:54 [main] INFO  Log - LoginTest starting
2025-09-23 19:27:54 [main] INFO  Log - adding info
2025-09-23 19:27:55 [main] INFO  Log - loginButton clicking
2025-09-23 19:27:58 [main] INFO  Log - verifying page title
2025-09-23 19:30:16 [main] INFO  Log - WebDriver starting
2025-09-23 19:30:18 [main] INFO  Log - go URL
2025-09-23 19:30:21 [main] INFO  Log - LoginTest starting
2025-09-23 19:30:21 [main] INFO  Log - adding info
2025-09-23 19:30:22 [main] INFO  Log - loginButton clicking
2025-09-23 19:30:22 [main] INFO  Log - verifying page title
2025-09-23 19:34:17 [main] INFO  Log - WebDriver starting
2025-09-23 19:38:11 [main] INFO  Log - WebDriver starting
2025-09-23 19:38:13 [main] INFO  Log - go URL
2025-09-23 19:38:15 [main] INFO  Log - LoginTest starting
2025-09-23 19:38:15 [main] INFO  Log - adding info
2025-09-23 19:38:16 [main] INFO  Log - loginButton clicking
2025-09-23 19:38:16 [main] INFO  Log - verifying page title
2025-09-23 19:46:51 [main] INFO  Log - WebDriver starting
2025-09-23 19:46:55 [main] INFO  Log - go URL
2025-09-23 19:46:57 [main] INFO  Log - LoginTest starting
2025-09-23 19:46:57 [main] INFO  Log - adding info
2025-09-23 19:46:58 [main] INFO  Log - loginButton clicking
2025-09-23 19:47:01 [main] INFO  Log - verifying page title
2025-09-23 19:50:31 [main] INFO  Log - WebDriver starting
2025-09-23 19:50:33 [main] INFO  Log - go URL
2025-09-23 19:50:36 [main] INFO  Log - LoginTest starting
2025-09-23 19:50:36 [main] INFO  Log - adding info
2025-09-23 19:50:36 [main] INFO  Log - loginButton clicking
2025-09-23 19:50:39 [main] INFO  Log - verifying page title
2025-09-23 19:53:09 [main] INFO  Log - WebDriver starting
2025-09-23 19:53:11 [main] INFO  Log - go URL
2025-09-23 19:53:14 [main] INFO  Log - LoginTest starting
2025-09-23 19:53:14 [main] INFO  Log - adding info
2025-09-23 19:53:14 [main] INFO  Log - loginButton clicking
2025-09-23 19:53:16 [main] INFO  Log - verifying page title
2025-09-23 19:55:16 [main] INFO  Log - WebDriver starting
2025-09-23 19:55:19 [main] INFO  Log - go URL
2025-09-23 19:55:21 [main] INFO  Log - LoginTest starting
2025-09-23 19:55:21 [main] INFO  Log - adding info
2025-09-23 19:55:22 [main] INFO  Log - loginButton clicking
2025-09-23 19:55:23 [main] INFO  Log - verifying page title
2025-09-23 19:59:24 [main] INFO  Log - WebDriver starting
2025-09-23 19:59:26 [main] INFO  Log - go URL
2025-09-23 19:59:28 [main] INFO  Log - LoginTest starting
2025-09-23 19:59:28 [main] INFO  Log - adding info
2025-09-23 19:59:29 [main] INFO  Log - loginButton clicking
2025-09-23 19:59:31 [main] INFO  Log - verifying page title
